[2021-03-29 05:18:08,759] multiqc                                            [DEBUG  ]  No MultiQC config found: /share/pkg.7/multiqc/1.6/install/lib/python2.7/site-packages/multiqc_config.yaml
[2021-03-29 05:18:08,759] multiqc                                            [DEBUG  ]  No MultiQC config found: /usr4/bf528/yuzhong/.multiqc_config.yaml
[2021-03-29 05:18:08,759] multiqc                                            [DEBUG  ]  No MultiQC config found: multiqc_config.yaml
[2021-03-29 05:18:08,759] multiqc                                            [DEBUG  ]  Command used: /share/pkg.7/multiqc/1.6/install/bin/multiqc -o qcreport/bam/ ./alignment/
[2021-03-29 05:18:09,261] multiqc                                            [WARNING]  MultiQC Version v1.10 now available!
[2021-03-29 05:18:09,262] multiqc                                            [INFO   ]  This is MultiQC v1.6
[2021-03-29 05:18:09,262] multiqc                                            [DEBUG  ]  Command     : /share/pkg.7/multiqc/1.6/install/bin/multiqc -o qcreport/bam/ ./alignment/
[2021-03-29 05:18:09,262] multiqc                                            [DEBUG  ]  Working dir : /projectnb2/bf528/users/dreadlocks/project_3/ryan_tmp/result
[2021-03-29 05:18:09,262] multiqc                                            [INFO   ]  Template    : default
[2021-03-29 05:18:09,262] multiqc                                            [INFO   ]  Searching './alignment/'
[2021-03-29 05:18:09,263] multiqc                                            [DEBUG  ]  Analysing modules: custom_content, conpair, peddy, methylQA, qualimap, preseq, quast, qorts, rna_seqc, rsem, rseqc, busco, goleft_indexcov, disambiguate, supernova, deeptools, sargasso, verifybamid, mirtrace, happy, homer, macs2, theta2, snpeff, gatk, htseq, bcftools, featureCounts, dedup, picard, prokka, samblaster, samtools, bamtools, jellyfish, vcftools, longranger, bbmap, bismark, hicexplorer, hicup, hicpro, salmon, kallisto, slamdunk, star, hisat2, tophat, bowtie2, bowtie1, kat, leehom, adapterRemoval, clipandmerge, cutadapt, flexbar, trimmomatic, skewer, sortmerna, biobloomtools, fastq_screen, afterqc, fastp, fastqc, clusterflow, bcl2fastq, interop
[2021-03-29 05:18:09,263] multiqc                                            [DEBUG  ]  Using temporary directory for creating report: /scratch/tmpDpvX_1
[2021-03-29 05:18:09,719] multiqc                                            [DEBUG  ]  Ignoring file as matched an ignore pattern: SRR1178047Aligned.sortedByCoord.out.bam
[2021-03-29 05:18:33,995] multiqc                                            [DEBUG  ]  Ignoring file as matched an ignore pattern: SRR1178014Aligned.sortedByCoord.out.bam
[2021-03-29 05:18:33,996] multiqc                                            [DEBUG  ]  Ignoring file as matched an ignore pattern: SRR1178021Aligned.sortedByCoord.out.bam
[2021-03-29 05:18:45,957] multiqc                                            [DEBUG  ]  Ignoring file as matched an ignore pattern: SRR1177963Aligned.sortedByCoord.out.bam
[2021-03-29 05:18:57,907] multiqc                                            [DEBUG  ]  Ignoring file as matched an ignore pattern: SRR1177997Aligned.sortedByCoord.out.bam
[2021-03-29 05:18:57,908] multiqc                                            [DEBUG  ]  Ignoring file as matched an ignore pattern: SRR1177964Aligned.sortedByCoord.out.bam
[2021-03-29 05:18:57,909] multiqc                                            [DEBUG  ]  Ignoring file as matched an ignore pattern: SRR1178002Aligned.sortedByCoord.out.bam
[2021-03-29 05:18:58,086] multiqc                                            [DEBUG  ]  Ignoring file as matched an ignore pattern: SRR1177999Aligned.sortedByCoord.out.bam
[2021-03-29 05:18:58,275] multiqc                                            [DEBUG  ]  Ignoring file as matched an ignore pattern: SRR1177965Aligned.sortedByCoord.out.bam
[2021-03-29 05:19:53,839] multiqc                                            [DEBUG  ]  No samples found: custom_content
[2021-03-29 05:19:53,846] multiqc                                            [DEBUG  ]  No samples found: conpair
[2021-03-29 05:19:53,852] multiqc                                            [DEBUG  ]  No samples found: peddy
[2021-03-29 05:19:53,858] multiqc                                            [DEBUG  ]  No samples found: methylQA
[2021-03-29 05:19:53,865] multiqc                                            [DEBUG  ]  No samples found: qualimap
[2021-03-29 05:19:53,871] multiqc                                            [DEBUG  ]  No samples found: preseq
[2021-03-29 05:19:53,878] multiqc                                            [DEBUG  ]  No samples found: quast
[2021-03-29 05:19:53,884] multiqc                                            [DEBUG  ]  No samples found: qorts
[2021-03-29 05:19:53,890] multiqc                                            [DEBUG  ]  No samples found: rna_seqc
[2021-03-29 05:19:53,896] multiqc                                            [DEBUG  ]  No samples found: rsem
[2021-03-29 05:19:53,906] multiqc                                            [DEBUG  ]  No samples found: rseqc
[2021-03-29 05:19:53,913] multiqc                                            [DEBUG  ]  No samples found: busco
[2021-03-29 05:19:53,919] multiqc                                            [DEBUG  ]  No samples found: goleft_indexcov
[2021-03-29 05:19:53,925] multiqc                                            [DEBUG  ]  No samples found: disambiguate
[2021-03-29 05:19:53,932] multiqc                                            [DEBUG  ]  No samples found: supernova
[2021-03-29 05:19:53,940] multiqc                                            [DEBUG  ]  No samples found: deeptools
[2021-03-29 05:19:53,946] multiqc                                            [DEBUG  ]  No samples found: sargasso
[2021-03-29 05:19:53,953] multiqc                                            [DEBUG  ]  No samples found: verifybamid
[2021-03-29 05:19:53,959] multiqc                                            [DEBUG  ]  No samples found: mirtrace
[2021-03-29 05:19:53,965] multiqc                                            [DEBUG  ]  No samples found: happy
[2021-03-29 05:19:53,973] multiqc                                            [DEBUG  ]  No samples found: homer
[2021-03-29 05:19:53,979] multiqc                                            [DEBUG  ]  No samples found: macs2
[2021-03-29 05:19:53,985] multiqc                                            [DEBUG  ]  No samples found: theta2
[2021-03-29 05:19:53,992] multiqc                                            [DEBUG  ]  No samples found: snpeff
[2021-03-29 05:19:54,000] multiqc                                            [DEBUG  ]  No samples found: gatk
[2021-03-29 05:19:54,006] multiqc                                            [DEBUG  ]  No samples found: htseq
[2021-03-29 05:19:54,013] multiqc                                            [DEBUG  ]  No samples found: bcftools
[2021-03-29 05:19:54,020] multiqc                                            [DEBUG  ]  No samples found: featureCounts
[2021-03-29 05:19:54,026] multiqc                                            [DEBUG  ]  No samples found: dedup
[2021-03-29 05:19:54,038] multiqc                                            [DEBUG  ]  No samples found: picard
[2021-03-29 05:19:54,045] multiqc                                            [DEBUG  ]  No samples found: prokka
[2021-03-29 05:19:54,051] multiqc                                            [DEBUG  ]  No samples found: samblaster
[2021-03-29 05:19:54,059] multiqc                                            [DEBUG  ]  No samples found: samtools
[2021-03-29 05:19:54,066] multiqc                                            [DEBUG  ]  No samples found: bamtools
[2021-03-29 05:19:54,072] multiqc                                            [DEBUG  ]  No samples found: jellyfish
[2021-03-29 05:19:54,080] multiqc                                            [DEBUG  ]  No samples found: vcftools
[2021-03-29 05:19:54,086] multiqc                                            [DEBUG  ]  No samples found: longranger
[2021-03-29 05:19:54,098] multiqc                                            [DEBUG  ]  No samples found: bbmap
[2021-03-29 05:19:54,105] multiqc                                            [DEBUG  ]  No samples found: bismark
[2021-03-29 05:19:54,111] multiqc                                            [DEBUG  ]  No samples found: hicexplorer
[2021-03-29 05:19:54,117] multiqc                                            [DEBUG  ]  No samples found: hicup
[2021-03-29 05:19:54,124] multiqc                                            [DEBUG  ]  No samples found: hicpro
[2021-03-29 05:19:54,130] multiqc                                            [DEBUG  ]  No samples found: salmon
[2021-03-29 05:19:54,136] multiqc                                            [DEBUG  ]  No samples found: kallisto
[2021-03-29 05:19:54,143] multiqc                                            [DEBUG  ]  No samples found: slamdunk
[2021-03-29 05:19:54,165] multiqc.modules.star.star                          [INFO   ]  Found 9 reports
[2021-03-29 05:19:54,178] multiqc                                            [DEBUG  ]  No samples found: hisat2
[2021-03-29 05:19:54,184] multiqc                                            [DEBUG  ]  No samples found: tophat
[2021-03-29 05:19:54,190] multiqc                                            [DEBUG  ]  No samples found: bowtie2
[2021-03-29 05:19:54,196] multiqc                                            [DEBUG  ]  No samples found: bowtie1
[2021-03-29 05:19:54,203] multiqc                                            [DEBUG  ]  No samples found: kat
[2021-03-29 05:19:54,209] multiqc                                            [DEBUG  ]  No samples found: leehom
[2021-03-29 05:19:54,215] multiqc                                            [DEBUG  ]  No samples found: adapterRemoval
[2021-03-29 05:19:54,222] multiqc                                            [DEBUG  ]  No samples found: clipandmerge
[2021-03-29 05:19:54,228] multiqc                                            [DEBUG  ]  No samples found: cutadapt
[2021-03-29 05:19:54,235] multiqc                                            [DEBUG  ]  No samples found: flexbar
[2021-03-29 05:19:54,241] multiqc                                            [DEBUG  ]  No samples found: trimmomatic
[2021-03-29 05:19:54,247] multiqc                                            [DEBUG  ]  No samples found: skewer
[2021-03-29 05:19:54,253] multiqc                                            [DEBUG  ]  No samples found: sortmerna
[2021-03-29 05:19:54,259] multiqc                                            [DEBUG  ]  No samples found: biobloomtools
[2021-03-29 05:19:54,266] multiqc                                            [DEBUG  ]  No samples found: fastq_screen
[2021-03-29 05:19:54,272] multiqc                                            [DEBUG  ]  No samples found: afterqc
[2021-03-29 05:19:54,278] multiqc                                            [DEBUG  ]  No samples found: fastp
[2021-03-29 05:19:54,285] multiqc                                            [DEBUG  ]  No samples found: fastqc
[2021-03-29 05:19:54,292] multiqc                                            [DEBUG  ]  No samples found: clusterflow
[2021-03-29 05:19:54,298] multiqc                                            [DEBUG  ]  No samples found: bcl2fastq
[2021-03-29 05:19:54,304] multiqc                                            [DEBUG  ]  No samples found: interop
[2021-03-29 05:19:54,314] multiqc                                            [INFO   ]  Compressing plot data
[2021-03-29 05:19:54,334] multiqc                                            [INFO   ]  Report      : qcreport/bam/multiqc_report.html
[2021-03-29 05:19:54,334] multiqc                                            [INFO   ]  Data        : qcreport/bam/multiqc_data
[2021-03-29 05:19:54,336] multiqc                                            [DEBUG  ]  Moving data file from '/scratch/tmpDpvX_1/multiqc_data/multiqc_data.json' to 'qcreport/bam/multiqc_data'
[2021-03-29 05:19:54,338] multiqc                                            [DEBUG  ]  Moving data file from '/scratch/tmpDpvX_1/multiqc_data/multiqc_star.txt' to 'qcreport/bam/multiqc_data'
[2021-03-29 05:19:54,340] multiqc                                            [DEBUG  ]  Moving data file from '/scratch/tmpDpvX_1/multiqc_data/multiqc_sources.txt' to 'qcreport/bam/multiqc_data'
[2021-03-29 05:19:54,341] multiqc                                            [DEBUG  ]  Moving data file from '/scratch/tmpDpvX_1/multiqc_data/multiqc_general_stats.txt' to 'qcreport/bam/multiqc_data'
[2021-03-29 05:19:54,529] multiqc                                            [INFO   ]  MultiQC complete
